2019/10/10 09:48:59 : \n\nStrating...\n2019/10/10 09:48:59 : \n\nStrating...\n2019/10/10 09:49:23 : \n\nStrating...\n2019/10/10 09:49:23 : \n\nStrating...\n2019/10/10 09:49:44 : 

Strating...\n2019/10/10 09:49:44 : 

Strating...\n2019/10/10 09:50:16 : 

Strating...
2019/10/10 09:50:16 : 

Strating...
2019/10/10 09:50:19 : 

Strating...
2019/10/10 09:50:19 : 

Strating...
2019/10/10 09:50:50 : 

2019/10/10 09:50:50 : Strating...
2019/10/10 09:50:50 : 

2019/10/10 09:50:50 : Strating...
2019/10/10 09:51:43 : 

2019/10/10 09:51:43 : Strating...
2019/10/10 09:51:43 : array (
)
2019/10/10 09:51:44 : 

2019/10/10 09:51:44 : Strating...
2019/10/10 09:51:44 : array (
  'do' => 'list',
  'file' => '',
)
2019/10/10 09:51:52 : 

2019/10/10 09:51:52 : Strating...
2019/10/10 09:51:52 : array (
)
2019/10/10 09:51:52 : 

2019/10/10 09:51:52 : Strating...
2019/10/10 09:51:52 : array (
  'do' => 'list',
  'file' => '',
)
2019/10/10 09:59:12 : 

2019/10/10 09:59:12 : Strating...
2019/10/10 09:59:12 : array (
)
2019/10/10 09:59:13 : 

2019/10/10 09:59:13 : Strating...
2019/10/10 09:59:13 : array (
  'do' => 'list',
  'file' => '',
)
2019/10/10 09:59:13 : HERE
2019/10/10 10:03:06 : array (
  'do' => 'list',
  'file' => '',
)
2019/10/10 10:03:06 : HERE
2019/10/10 10:04:00 : array (
  'do' => 'list',
  'file' => '',
)
2019/10/10 10:04:00 : NULL
2019/10/10 10:04:28 : array (
  'do' => 'list',
  'file' => '',
)
2019/10/10 10:04:28 : NULL
2019/10/10 10:06:49 : '/var'
2019/10/10 10:06:49 : NULL
2019/10/10 10:08:16 : '/var'
2019/10/10 10:08:16 : NULL
2019/10/10 11:02:50 : '/var'
2019/10/10 11:02:50 : NULL
2019/10/10 14:22:00 : '/var'
2019/10/10 14:22:00 : NULL
2019/10/10 18:51:44 : '/var'
2019/10/10 18:51:44 : NULL
2019/10/11 09:32:55 : '/var'
2019/10/11 09:32:55 : NULL
2019/10/11 09:35:49 : '/var'
2019/10/11 09:35:49 : NULL
2019/10/11 09:36:54 : '/var'
2019/10/11 09:36:54 : NULL
2019/10/11 09:37:27 : '/var'
2019/10/11 09:37:27 : NULL
2019/10/11 09:40:08 : 'Constr: /var'
2019/10/11 09:40:08 : 'Constr: /var'
2019/10/11 09:40:08 : 'Action: /var'
2019/10/11 09:40:08 : NULL
2019/10/11 09:40:56 : 'Constr: /var'
2019/10/11 09:40:56 : 'Constr: /var'
2019/10/11 09:40:56 : 'Action: /var'
2019/10/11 09:40:56 : '/var'
2019/10/11 09:41:15 : 'Constr: /var'
2019/10/11 09:41:16 : 'Constr: /var'
2019/10/11 09:41:16 : 'Action: /var'
2019/10/11 09:41:16 : '/var'
2019/10/11 09:42:34 : 'Constr: /var'
2019/10/11 09:42:34 : 'Constr: /var'
2019/10/11 09:42:34 : 'Action: /var'
2019/10/11 09:42:34 : '/var'
2019/10/11 09:44:55 : 'Constr: /var'
2019/10/11 09:45:37 : 'Constr: /var'
2019/10/11 09:48:08 : 'Constr: /var'
2019/10/11 09:48:47 : 'Constr: /var'
2019/10/11 09:49:20 : 'Constr: /var'
2019/10/11 09:50:23 : 'Constr: /var'
2019/10/11 09:50:36 : 'Constr: /var'
2019/10/11 09:54:46 : 'Constr: /var'
2019/10/11 09:56:03 : 'Constr: /var'
2019/10/11 09:56:38 : 'Constr: /var'
2019/10/11 09:56:47 : 'Constr: /var'
2019/10/11 09:56:54 : 'Constr: /var'
2019/10/11 09:57:10 : 'Constr: /var'
2019/10/11 09:57:34 : 'Constr: /var'
2019/10/11 09:57:40 : 'Constr: /var'
2019/10/11 09:57:54 : 'Constr: /var'
2019/10/11 09:58:12 : 'Constr: /var'
2019/10/11 09:58:20 : 'Constr: /var'
2019/10/11 09:58:29 : 'Constr: /var'
2019/10/11 10:15:36 : 'Constr: /var'
2019/10/11 11:29:09 : 'Constr: /var'
2019/10/11 12:09:12 : 'Constr: /var'
2019/10/11 13:25:30 : 'Constr: /var'
2019/10/11 18:12:30 : 'Constr: /var'
2019/10/11 18:24:59 : 'Constr: /var'
2019/10/11 18:36:36 : 'Constr: /var'
2019/10/11 18:43:41 : 'Constr: /var'
2019/10/11 18:43:43 : 'Constr: /var'
2019/10/11 18:44:29 : 'Constr: /var'
2019/10/11 18:44:31 : 'Constr: /var'
2019/10/11 18:44:31 : 'Constr: /var'
2019/10/11 18:49:27 : 'Constr: /var'
2019/10/11 18:51:31 : 'Constr: /var'
2019/10/11 18:51:31 : 'Constr: /var'
2019/10/11 18:51:32 : 'Constr: /var'
2019/10/11 18:51:33 : 'Constr: /var'
2019/10/11 19:18:09 : 'Constr: /var'
2019/10/11 20:15:27 : 'Constr: /var'
2019/10/11 20:26:44 : 'Constr: /var'
2019/10/11 20:27:11 : 'Constr: /var'
2019/10/11 20:27:29 : 'Constr: /var'
2019/10/11 20:33:56 : 'Constr: /var'
2019/10/11 20:34:27 : 'Constr: /var'
2019/10/11 20:36:22 : 'Constr: /var'
2019/10/11 20:36:36 : 'Constr: /var'
2019/10/11 20:39:25 : 'Constr: /var'
2019/10/11 20:39:41 : 'Constr: /var'
2019/10/11 20:42:06 : 'Constr: /var'
2019/10/11 20:42:06 : 'Constr: /var'
2019/10/11 20:42:06 : 'Action: /var'
2019/10/11 20:42:06 : '/var'
2019/10/11 20:43:40 : 'Constr: /var'
2019/10/11 20:43:41 : 'Constr: /var'
2019/10/11 20:43:41 : 'Action: /var'
2019/10/11 20:43:41 : '/var'
2019/10/11 20:44:34 : 'Constr: /var'
2019/10/11 20:44:34 : 'Constr: /var'
2019/10/11 20:44:34 : 'Action: /var'
2019/10/11 20:44:34 : '/var'
2019/10/11 20:47:34 : 'Constr: /var'
2019/10/11 20:47:34 : 'Constr: /var'
2019/10/11 20:47:34 : 'Action: /var'
2019/10/11 20:47:34 : '/var'
2019/10/11 20:50:15 : 'Constr: /var'
2019/10/11 20:57:24 : 'Constr: /var'
2019/10/11 20:57:25 : 'Constr: /var'
2019/10/11 20:57:25 : 'Action: /var'
2019/10/11 20:57:25 : '/var'
2019/10/11 20:58:21 : 'Constr: /var'
2019/10/11 20:58:21 : 'Constr: /var'
2019/10/11 20:58:21 : 'Action: /var'
2019/10/11 20:58:21 : '/var'
2019/10/11 20:58:31 : 'Constr: /var'
2019/10/11 20:58:31 : 'Constr: /var'
2019/10/11 20:58:31 : 'Action: /var'
2019/10/11 20:58:31 : '/var'
2019/10/11 20:58:32 : 'Constr: /var'
2019/10/11 20:58:32 : 'Constr: /var'
2019/10/11 20:58:32 : 'Action: /var'
2019/10/11 20:58:32 : '/var'
2019/10/11 20:58:38 : 'Constr: /var'
2019/10/11 20:58:38 : 'Constr: /var'
2019/10/11 20:58:38 : 'Action: /var'
2019/10/11 20:58:38 : '/var'
2019/10/11 20:58:47 : 'Constr: /var'
2019/10/11 20:58:47 : 'Constr: /var'
2019/10/11 20:58:47 : 'Action: /var'
2019/10/11 20:58:47 : '/var'
2019/10/11 21:05:10 : 'Constr: /var'
2019/10/11 21:05:10 : 'Constr: /var'
2019/10/11 21:05:10 : 'Action: /var'
2019/10/11 21:05:10 : '/var'
2019/10/11 21:05:53 : 'Constr: /var'
2019/10/11 21:05:53 : 'Constr: /var'
2019/10/11 21:05:53 : 'Action: /var'
2019/10/11 21:05:53 : '/var'
2019/10/11 21:07:22 : 'Constr: /var'
2019/10/11 21:07:22 : 'Constr: /var'
2019/10/11 21:07:22 : 'Action: /var'
2019/10/11 21:07:22 : '/var'
2019/10/11 21:07:42 : 'Constr: /var'
2019/10/11 21:07:42 : 'Constr: /var'
2019/10/11 21:07:42 : 'Action: /var'
2019/10/11 21:07:42 : '/var'
2019/10/11 21:11:12 : 'Constr: /var'
2019/10/11 21:11:12 : 'Constr: /var'
2019/10/11 21:11:12 : 'Action: /var'
2019/10/11 21:11:12 : '/var'
2019/10/11 21:11:26 : 'Constr: /var'
2019/10/11 21:11:26 : 'Action: /var'
2019/10/11 21:11:26 : '/var'
2019/10/11 21:11:26 : 'Constr: /var'
2019/10/11 21:11:26 : 'Action: /var'
2019/10/11 21:11:26 : '/var'
2019/10/11 21:11:48 : 'Constr: /var'
2019/10/11 21:11:48 : 'Action: /var'
2019/10/11 21:11:48 : '/var'
2019/10/11 21:11:55 : 'Constr: /var'
2019/10/11 21:11:56 : 'Constr: /var'
2019/10/11 21:11:56 : 'Action: /var'
2019/10/11 21:11:56 : '/var'
2019/10/11 21:14:43 : 'Constr: /var'
2019/10/11 21:14:43 : 'Constr: /var'
2019/10/11 21:14:43 : 'Action: /var'
2019/10/11 21:14:43 : '/var'
2019/10/11 21:17:13 : 'Constr: /var'
2019/10/11 21:17:13 : 'Constr: /var'
2019/10/11 21:17:13 : 'Action: /var'
2019/10/11 21:17:13 : '/var'
2019/10/11 21:30:43 : 'Constr: /var'
2019/10/11 21:30:47 : 'Constr: /var'
2019/10/11 21:33:07 : 'Constr: /var'
2019/10/11 21:34:00 : 'Constr: /var'
2019/10/11 21:34:15 : 'Constr: /var'
2019/10/11 21:34:16 : 'Constr: /var'
2019/10/11 21:34:16 : 'Action: /var'
2019/10/11 21:34:16 : '/var'
2019/10/11 21:42:06 : 'Constr: /var'
2019/10/11 21:42:06 : 'Constr: /var'
2019/10/11 21:42:06 : 'Action: /var'
2019/10/11 21:42:06 : '/var'
2019/10/11 21:42:24 : 'Constr: /var'
2019/10/11 21:42:24 : 'Action: /var'
2019/10/11 21:42:24 : '/var'
2019/10/11 21:42:35 : 'Constr: /var'
2019/10/11 21:42:35 : 'Constr: /var'
2019/10/11 21:42:35 : 'Action: /var'
2019/10/11 21:42:35 : '/var'
2019/10/11 21:44:17 : 'Constr: /var'
2019/10/11 21:44:17 : 'Constr: /var'
2019/10/11 21:44:17 : 'Action: /var'
2019/10/11 21:44:17 : '/var'
2019/10/11 21:44:20 : 'Constr: /var'
2019/10/11 21:44:20 : 'Constr: /var'
2019/10/11 21:44:20 : 'Action: /var'
2019/10/11 21:44:20 : '/var'
2019/10/11 21:45:38 : 'Constr: /var'
2019/10/11 21:45:38 : 'Constr: /var'
2019/10/11 21:45:38 : 'Action: /var'
2019/10/11 21:45:38 : '/var'
2019/10/11 21:46:38 : 'Constr: /var'
2019/10/11 21:46:38 : 'Constr: /var'
2019/10/11 21:46:38 : 'Action: /var'
2019/10/11 21:46:38 : '/var'
2019/10/11 21:46:53 : 'Constr: /var'
2019/10/11 21:46:53 : 'Constr: /var'
2019/10/11 21:46:53 : 'Action: /var'
2019/10/11 21:46:53 : '/var'
2019/10/11 21:50:10 : 'Constr: /var'
2019/10/11 21:51:18 : 'Constr: /var'
2019/10/11 21:51:18 : 'Constr: /var'
2019/10/11 21:51:18 : 'Action: /var'
2019/10/11 21:51:18 : '/var'
2019/10/11 21:51:42 : 'Constr: /var'
2019/10/11 21:51:42 : 'Action: /var'
2019/10/11 21:51:42 : '/var'
2019/10/11 21:51:42 : 'Constr: /var'
2019/10/11 21:51:42 : 'Action: /var'
2019/10/11 21:51:42 : '/var'
2019/10/11 21:52:02 : 'Constr: /var'
2019/10/11 21:52:02 : 'Constr: /var'
2019/10/11 21:52:02 : 'Action: /var'
2019/10/11 21:52:02 : '/var'
2019/10/11 21:53:40 : 'Constr: /var'
2019/10/11 21:53:41 : 'Constr: /var'
2019/10/11 21:53:41 : 'Action: /var'
2019/10/11 21:53:41 : '/var'
2019/10/11 21:53:49 : 'Constr: /var'
2019/10/11 21:53:49 : 'Constr: /var'
2019/10/11 21:53:49 : 'Action: /var'
2019/10/11 21:53:49 : '/var'
2019/10/11 21:54:38 : 'Constr: /var'
2019/10/11 21:54:38 : 'Constr: /var'
2019/10/11 21:54:38 : 'Action: /var'
2019/10/11 21:54:38 : '/var'
2019/10/11 22:08:09 : 'Constr: /var'
2019/10/11 22:19:01 : 'Constr: /var'
2019/10/11 22:58:23 : 'Constr: /var'
2019/10/11 23:01:08 : 'Constr: /var'
2019/10/11 23:50:29 : 'Constr: /var'
2019/10/12 01:40:15 : 'Constr: /var'
2019/10/12 02:48:32 : 'Constr: /var'
2019/10/12 03:25:39 : 'Constr: /var'
2019/10/12 04:00:58 : 'Constr: /var'
2019/10/12 05:14:16 : 'Constr: /var'
2019/10/12 05:46:32 : 'Constr: /var'
2019/10/12 06:36:24 : 'Constr: /var'
2019/10/12 07:20:16 : 'Constr: /var'
2019/10/12 08:21:09 : 'Constr: /var'
2019/10/12 08:21:12 : 'Constr: /var'
2019/10/12 08:21:15 : 'Constr: /var'
2019/10/12 08:40:53 : 'Constr: /var'
2019/10/12 08:51:51 : 'Constr: /var'
2019/10/12 09:30:53 : 'Constr: /var'
2019/10/12 09:35:38 : 'Constr: /var'
2019/10/12 09:35:39 : 'Constr: /var'
2019/10/12 09:35:39 : 'Action: /var'
2019/10/12 09:35:39 : '/var'
2019/10/12 11:16:11 : 'Constr: /var'
2019/10/12 12:02:26 : 'Constr: /var'
2019/10/12 12:02:26 : 'Action: /var'
2019/10/12 12:35:59 : 'Constr: /var'
2019/10/12 13:16:15 : 'Constr: /var'
2019/10/12 13:31:55 : 'Constr: /var'
2019/10/12 13:32:42 : 'Constr: /var'
2019/10/12 14:28:21 : 'Constr: /var'
2019/10/12 14:52:51 : 'Constr: /var'
2019/10/12 14:52:52 : 'Constr: /var'
2019/10/12 14:52:52 : 'Action: /var'
2019/10/12 14:52:52 : '/var'
2019/10/12 15:07:43 : 'Constr: /var'
2019/10/12 15:10:06 : 'Constr: /var'
2019/10/12 15:10:08 : 'Constr: /var'
2019/10/12 15:10:10 : 'Constr: /var'
2019/10/12 15:26:13 : 'Constr: /var'
2019/10/12 15:52:55 : 'Constr: /var'
2019/10/12 17:02:03 : 'Constr: /var'
2019/10/12 17:38:55 : 'Constr: /var'
2019/10/12 18:48:15 : 'Constr: /var'
2019/10/12 19:22:48 : 'Constr: /var'
2019/10/12 20:37:21 : 'Constr: /var'
2019/10/12 20:39:07 : 'Constr: /var'
2019/10/12 20:39:08 : 'Constr: /var'
2019/10/12 22:35:47 : 'Constr: /var'
2019/10/13 00:04:41 : 'Constr: /var'
2019/10/13 00:25:20 : 'Constr: /var'
2019/10/13 01:27:39 : 'Constr: /var'
2019/10/13 01:53:15 : 'Constr: /var'
2019/10/13 04:05:00 : 'Constr: /var'
2019/10/13 05:19:10 : 'Constr: /var'
2019/10/13 06:13:51 : 'Constr: /var'
2019/10/13 06:41:19 : 'Constr: /var'
2019/10/13 08:21:24 : 'Constr: /var'
2019/10/13 09:40:43 : 'Constr: /var'
2019/10/13 10:42:13 : 'Constr: /var'
2019/10/13 10:59:37 : 'Constr: /var'
2019/10/13 11:41:56 : 'Constr: /var'
2019/10/13 13:38:17 : 'Constr: /var'
2019/10/13 17:14:40 : 'Constr: /var'
2019/10/13 17:39:12 : 'Constr: /var'
2019/10/13 18:05:04 : 'Constr: /var'
2019/10/13 18:05:39 : 'Constr: /var'
2019/10/13 18:05:39 : 'Action: /var'
2019/10/13 18:05:39 : '/var'
2019/10/13 19:22:01 : 'Constr: /var'
2019/10/13 19:22:01 : 'Constr: /var'
2019/10/13 20:24:09 : 'Constr: /var'
2019/10/13 20:49:20 : 'Constr: /var'
2019/10/13 22:36:00 : 'Constr: /var'
2019/10/13 22:49:38 : 'Constr: /var'
2019/10/13 23:48:39 : 'Constr: /var'
2019/10/14 01:04:36 : 'Constr: /var'
2019/10/14 03:00:56 : 'Constr: /var'
2019/10/14 03:21:01 : 'Constr: /var'
2019/10/14 04:12:41 : 'Constr: /var'
2019/10/14 05:13:52 : 'Constr: /var'
2019/10/14 05:19:19 : 'Constr: /var'
2019/10/14 07:25:13 : 'Constr: /var'
2019/10/14 07:25:13 : 'Constr: /var'
2019/10/14 08:36:18 : 'Constr: /var'
2019/10/14 10:38:19 : 'Constr: /var'
2019/10/14 11:06:31 : 'Constr: /var'
2019/10/14 11:51:10 : 'Constr: /var'
2019/10/14 12:38:15 : 'Constr: /var'
2019/10/14 13:10:08 : 'Constr: /var'
2019/10/14 13:24:31 : 'Constr: /var'
2019/10/14 13:50:39 : 'Constr: /var'
2019/10/14 13:50:39 : 'Action: /var'
